
[2026-03-27 00:45:08][打板优化0326][SH000300][日线] 2026-03-27 00:45:08,586 [INFO] 程序初始化成功

[2026-03-27 00:45:08][打板优化0326][SH000300][日线] 2026-03-27 00:45:08,586 [INFO] XML 文件路径: C:\Users\root\AppData\Local\Programs\iQuant\python\formulaLayout\开盘打板运行版V8_never_read.xml

[2026-03-27 00:45:08][打板优化0326][SH000300][日线] 2026-03-27 00:45:08,586 [ERROR] XML文件不存在: C:\Users\root\AppData\Local\Programs\iQuant\python\formulaLayout\开盘打板运行版V8_never_read.xml

[2026-03-27 00:45:08][打板优化0326][SH000300][日线] 2026-03-27 00:45:08,586 [ERROR] 无权限读取: C:\Users\root\AppData\Local\Programs\iQuant\python\formulaLayout\开盘打板运行版V8_never_read.xml

[2026-03-27 00:45:08][打板优化0326][SH000300][日线] 2026-03-27 00:45:08,587 [ERROR] 文件 C:\Users\root\AppData\Local\Programs\iQuant\python\formulaLayout\开盘打板运行版V8_never_read.xml 不存在

[2026-03-27 00:45:08][打板优化0326][SH000300][日线] 2026-03-27 00:45:08,587 [ERROR] XML解析失败，使用全局变量 buy_value 作为每只股票买入金额: 3000
[2026-03-27 00:45:08][打板优化0326][SH000300][日线] 

[2026-03-27 00:45:08][打板优化0326][SH000300][日线] 2026-03-27 00:45:08,587 [INFO] 每只股票买入金额: 3000
[2026-03-27 00:45:08][打板优化0326][SH000300][日线] 

[2026-03-27 00:45:08][打板优化0326][SH000300][日线] 2026-03-27 00:45:08,588 [INFO] 账户ID: 520000264428

[2026-03-27 00:45:08][打板优化0326][SH000300][日线] 2026-03-27 00:45:08,588 [INFO] 策略到期: 2028-03-22

[2026-03-27 00:45:08][打板优化0326][SH000300][日线] 2026-03-27 00:45:08,588 [INFO] 从参数面板获取的股票池: ['603598.SH', '601390.SH']

[2026-03-27 00:45:08][打板优化0326][SH000300][日线] start trading mode
[2026-03-27 00:45:08][打板优化0326][SH000300][日线] 2026-03-27 00:45:08,588 [INFO] 数据加载完成，开始运行，版本: V2.7

[2026-03-27 08:59:52][打板优化0326][SH000300][日线] 2026-03-27 08:59:52,684 [INFO] before_open 持仓监控: []

[2026-03-27 08:59:52][打板优化0326][SH000300][日线] 2026-03-27 08:59:52,686 [INFO] 日期: 20260327085952

[2026-03-27 08:59:52][打板优化0326][SH000300][日线] 2026-03-27 08:59:52,687 [INFO] stock_list: {'603598.SH': {'close': 0, 'volume': 0, 'money': 0}, '601390.SH': {'close': 0, 'volume': 0, 'money': 0}}

[2026-03-27 08:59:52][打板优化0326][SH000300][日线] 2026-03-27 08:59:52,692 [INFO] before_open 候选股票: ['603598.SH', '601390.SH']

[2026-03-27 09:20:00][打板优化0326][SH000300][日线] 2026-03-27 09:20:00,620 [INFO] before_open 持仓监控: []

[2026-03-27 09:20:00][打板优化0326][SH000300][日线] 2026-03-27 09:20:00,629 [INFO] 日期: 20260327092000

[2026-03-27 09:20:00][打板优化0326][SH000300][日线] 2026-03-27 09:20:00,630 [INFO] stock_list: {'603598.SH': {'close': 0, 'volume': 0, 'money': 0}, '601390.SH': {'close': 0, 'volume': 0, 'money': 0}}

[2026-03-27 09:20:00][打板优化0326][SH000300][日线] 2026-03-27 09:20:00,631 [INFO] before_open 候选股票: ['603598.SH', '601390.SH']

[2026-03-27 09:25:05][打板优化0326][SH000300][日线] 2026-03-27 09:25:05,591 [INFO] [skip_filter] 跳过竞价筛选，直接买入: ['603598.SH', '601390.SH']

[2026-03-27 09:25:05][打板优化0326][SH000300][日线] 2026-03-27 09:25:05,603 [INFO] 账户可用金额: 100613.31

[2026-03-27 09:25:05][打板优化0326][SH000300][日线] 2026-03-27 09:25:05,669 [INFO] 买入: 603598.SH, 价格=18.87, 金额=2910.0, 委托价=19.15, 涨停=21.14

[2026-03-27 09:25:05][打板优化0326][SH000300][日线] 2026-03-27 09:25:05,684 [INFO] 买入: 601390.SH, 价格=5.37, 金额=2910.0, 委托价=5.45, 涨停=5.93

[2026-03-27 09:25:05][打板优化0326][SH000300][日线] 2026-03-27 09:25:05,684 [INFO] 写入交易记录: [{'code': '601218.SH', 'buy_time': '2026-03-16 09:25:12'}, {'code': ['603598.SH', '601390.SH'], 'buy_time': '2026-03-27 09:25:05'}, {'code': ['603598.SH', '601390.SH'], 'buy_time': '2026-03-27 09:25:05'}]
[2026-03-27 09:25:05][打板优化0326][SH000300][日线] 

[2026-03-27 09:25:05][打板优化0326][SH000300][日线] 2026-03-27 09:25:05,729 [INFO] === 委托结果 ===

[2026-03-27 09:25:05][打板优化0326][SH000300][日线] 2026-03-27 09:25:05,730 [INFO] === 成交结果 ===
[2026-03-27 09:25:05][打板优化0326][SH000300][日线] 

[2026-03-27 09:30:07][打板优化0326][SH000300][日线] 2026-03-27 09:30:07,597 [INFO] 9:30 查询委托状态:

[2026-03-27 09:30:07][打板优化0326][SH000300][日线] 2026-03-27 09:30:07,598 [INFO] 代码=601390.SH, 名称=中国中铁, 状态=50, 数量=400, 均价=0.0

[2026-03-27 09:30:07][打板优化0326][SH000300][日线] 2026-03-27 09:30:07,598 [INFO] 代码=603598.SH, 名称=引力传媒, 状态=50, 数量=100, 均价=0.0